# $Id$
#
# This file lists the project files that must be build first in a static
# build using msvc_static_compile.pl

ace/ace
Kokyu/Kokyu
ACEXML/parser/parser/ACEXML_Parser
ACEXML/common/ACEXML
apps/gperf/src/gperf
TAO/TAO_IDL/TAO_IDL_BE
TAO/TAO_IDL/TAO_IDL_FE
TAO/TAO_IDL/TAO_IDL_EXE
TAO/tao/TAO
TAO/tao/AnyTypeCode
TAO/tao/CodecFactory
TAO/tao/Codeset
TAO/tao/PI
TAO/tao/PortableServer
TAO/tao/PI_Server
TAO/tao/Valuetype
TAO/tao/IORInterceptor
TAO/tao/ObjRefTemplate
TAO/tao/DynamicAny
TAO/tao/IORManipulation
TAO/tao/IORTable
TAO/tao/Messaging
TAO/tao/DynamicInterface
TAO/tao/Strategies
TAO/tao/RTCORBA
TAO/tao/RTPortableServer
TAO/tao/Utils
TAO/tao/RTScheduler
TAO/tao/IFR_Client
TAO/tao/TypeCodeFactory
TAO/tao/ImR_Client
TAO/orbsvcs/orbsvcs/Svc_Utils
TAO/orbsvcs/orbsvcs/CosNaming_IDL
TAO/orbsvcs/orbsvcs/CosNaming
TAO/orbsvcs/orbsvcs/CosNaming_Skel
TAO/orbsvcs/orbsvcs/CosNaming_Serv
TAO/orbsvcs/orbsvcs/CosProperty_IDL
TAO/orbsvcs/orbsvcs/CosProperty
TAO/orbsvcs/orbsvcs/CosProperty_Skel
TAO/orbsvcs/orbsvcs/CosProperty_Serv
TAO/orbsvcs/orbsvcs/CosTrading_IDL
TAO/orbsvcs/orbsvcs/CosTrading
TAO/orbsvcs/orbsvcs/CosTrading_Skel
TAO/orbsvcs/orbsvcs/CosTrading_Serv
TAO/orbsvcs/orbsvcs/HTIOP
TAO/orbsvcs/orbsvcs/AV
TAO/orbsvcs/orbsvcs/ETCL
TAO/orbsvcs/orbsvcs/RTCosScheduling
TAO/orbsvcs/orbsvcs/RTEvent
TAO/orbsvcs/orbsvcs/RTEvent_Skel
TAO/orbsvcs/orbsvcs/RTEvent_Serv
TAO/orbsvcs/orbsvcs/RTSched
TAO/orbsvcs/orbsvcs/RTSchedEvent
TAO/orbsvcs/orbsvcs/CosEvent_IDL
TAO/orbsvcs/orbsvcs/CosEvent
TAO/orbsvcs/orbsvcs/CosEvent_Skel
TAO/orbsvcs/orbsvcs/CosEvent_Serv
TAO/orbsvcs/orbsvcs/RTKokyuEvent
TAO/orbsvcs/orbsvcs/CosConcurrency_IDL
TAO/orbsvcs/orbsvcs/CosConcurrency
TAO/orbsvcs/orbsvcs/CosConcurrency_Skel
TAO/orbsvcs/orbsvcs/CosConcurrency_Serv
TAO/orbsvcs/orbsvcs/CosLifeCycle
TAO/orbsvcs/orbsvcs/CosTime
TAO/orbsvcs/orbsvcs/CosNotification_IDL
TAO/orbsvcs/orbsvcs/CosNotification
TAO/orbsvcs/orbsvcs/CosNotification_Skel
TAO/orbsvcs/orbsvcs/CosNotification_Serv
TAO/orbsvcs/orbsvcs/CosNotification_Persist
TAO/orbsvcs/orbsvcs/DsLogAdmin_IDL
TAO/orbsvcs/orbsvcs/DsLogAdmin
TAO/orbsvcs/orbsvcs/DsLogAdmin_Skel
TAO/orbsvcs/orbsvcs/DsLogAdmin_Serv
TAO/orbsvcs/orbsvcs/DsEventLogAdmin_IDL
TAO/orbsvcs/orbsvcs/DsEventLogAdmin
TAO/orbsvcs/orbsvcs/DsEventLogAdmin_Skel
TAO/orbsvcs/orbsvcs/DsEventLogAdmin_Serv
TAO/orbsvcs/orbsvcs/DsNotifyLogAdmin_IDL
TAO/orbsvcs/orbsvcs/DsNotifyLogAdmin
TAO/orbsvcs/orbsvcs/DsNotifyLogAdmin_Skel
TAO/orbsvcs/orbsvcs/DsNotifyLogAdmin_Serv
TAO/orbsvcs/orbsvcs/PortableGroup
TAO/orbsvcs/orbsvcs/FTORB_Utils
TAO/orbsvcs/orbsvcs/FT_ClientORB
TAO/orbsvcs/orbsvcs/FT_ServerORB
TAO/orbsvcs/orbsvcs/FtRtEvent
TAO/orbsvcs/orbsvcs/FaultTolerance
TAO/orbsvcs/orbsvcs/CosLoadBalancing
TAO/orbsvcs/orbsvcs/IFRService
TAO/orbsvcs/orbsvcs/RTCORBAEvent
TAO/orbsvcs/orbsvcs/RT_Notification
TAO/orbsvcs/orbsvcs/RTEventLogAdmin_IDL
TAO/orbsvcs/orbsvcs/RTEventLogAdmin
TAO/orbsvcs/orbsvcs/RTEventLogAdmin_Skel
TAO/orbsvcs/orbsvcs/RTEventLogAdmin_Serv
TAO/orbsvcs/orbsvcs/Security
TAO/orbsvcs/Naming_Service/Naming_Service
TAO/orbsvcs/ImplRepo_Service/ImR_Activator_IDL
TAO/orbsvcs/ImplRepo_Service/ImR_Locator_IDL
TAO/orbsvcs/ImplRepo_Service/ImR_Activator
TAO/orbsvcs/ImplRepo_Service/ImR_Activator_Service
TAO/orbsvcs/ImplRepo_Service/ImR_Locator
TAO/orbsvcs/ImplRepo_Service/ImR_Locator_Service
TAO/orbsvcs/ImplRepo_Service/tao_imr
TAO/orbsvcs/FT_ReplicationManager/FT_ReplicationManager_Lib
TAO/orbsvcs/orbsvcs/FTRT_ClientORB
TAO/orbsvcs/tests/Concurrency/CC_client
TAO/orbsvcs/tests/Event/lib/Event_Test_Lib
TAO/orbsvcs/tests/Event/Mcast/Common/ECMcastTests_lib
TAO/orbsvcs/tests/Trading/Trading_Test_Lib
TAO/orbsvcs/examples/CosEC/RtEC_Based/lib/CosEC_RtEC_Based_lib
TAO/orbsvcs/performance-tests/RTEvent/lib/RTEC_Perf
TAO/tests/CSD_Strategy_Tests/TP_Common/CSD_TP_Test_Lib
TAO/tests/Smart_Proxies/Collocation/SP_Collocation_TestStubsLib
TAO/tests/Collocation/Collocation_Test_Stub
TAO/examples/POA/Generic_Servant/POA_Generic_Servant_Lib
TAO/examples/Simple/time-date/Simple_Time_Date_Lib
TAO/docs/tutorials/Quoter/idl/Quoter_Idl_Lib
TAO/performance-tests/RTCorba/Multiple_Endpoints/Common/RTCORBA_Common
tests/Test_Output
tests/DLL_Test_Parent
TAO/tests/CSD_Strategy_Tests/TP_Common/CSD_TP_Test_Lib
performance-tests/Synch-Benchmarks/Synch_Lib/Synch_Lib
examples/Service_Configurator/Misc/Service_Configurator_Misc_Timer
examples/Timer_Queue/Timer_Queue_Library
ASNMP/asnmp/asnmp_lib
netsvcs/lib/netsvcs
netsvcs/clients/Naming/Client/Netsvsc_Client_Test_Lib
netsvcs/clients/Naming/Dump_Restore/Netsvcs_Dump_Restore_Lib
websvcs/lib/websvcs
protocols/ace/HTBP/HTBP
protocols/ace/RMCast/RMCast
protocols/ace/TMCast/TMCast
