TAO (8448|139740928042736) Initializing the process-wide services
TAO (8448|139740928042736) Default ORB - global initialization completed.
TAO (8448|139740928042736) Initializing the orb-specific services
TAO (8448|139740928042736) Default_Resource_Factory - unable to create codeset manager.
TAO (8448|139740928042736) ORB_Core: Codeset Manager not available
TAO (8448|139740928042736) Loaded default protocol <IIOP_Factory>
TAO (8448|139740928042736) created new ORB <>
TAO (8448|139740928042736) - Transport_Cache_Manager::fill_set_i: current_size = 0, cache_maximum = 512
TAO (8448|139740928042736) - Transport_Cache_Manager::purge: Cache size after purging is [0]
TAO (8448|139740928042736) - IIOP_Connector::begin_connection, to <phil.ociweb.com:33152> which should block
TAO (8448|139740928042736) - Transport_Connector::caching connection before wait_for_connection_completion 181029421 = [7732384]
TAO (8448|139740928042736) - Transport_Cache_Manager::bind_i:  Transport[7732384] @ hash{181029421}
TAO (8448|139740928042736) - Transport_Cache_Manager::bind_i: Bound Transport[7732384] @ hash:index{181029421:0} state CONNECTING. Cache size is [1]
TAO (8448|139740928042736) - Transport_Connector::wait_for_connection_completion, going to wait for connection completion on transport[7732384]
TAO (8448|139740928042736) - Leader_Follower[7732384]::wait_for_event, (leader) enter reactor event loop
TAO (8448|139740928042736) - IIOP_Connection_Handler::open, The local addr is <10.201.200.173:40203> 
TAO (8448|139740928042736) - IIOP_Connection_Handler::open, IIOP connection to peer <10.201.200.173:33152> on 7
TAO (8448|139740928042736) - Leader_Follower[7732384]::wait_for_event, (leader) exit reactor event loop
TAO (8448|139740928042736) - Transport_Connector::wait_for_connection_completion, transport [7], wait done result = 0
TAO (8448|139740928042736) - IIOP_Connector::make_connection, new connected connection to <phil.ociweb.com:33152> on Transport[7]
TAO (8448|139740928042736) - Transport[7]::register_handler
TAO (8448|139740928042736) - Transport_Connector::connect, opening Transport[7] in TAO_CLIENT_ROLE
TAO (8448|139740928042736) - Transport_Cache_Manager::is_transport_available:Returns True, Transport[7] state: IDLE_BUT_NOT_PURGABLE connected: yes
TAO (8448|139740928042736) - Transport_Cache_Manager::find_i: Found available Transport[7] @hash:index {181029421:0}(
TAO (8448|139740928042736) - Transport_Connector::connect, got an existing connected Transport[7] in role TAO_CLIENT_ROLE
TAO (8448|139740928042736) - Muxed_TMS[7]::request_id, <1>
TAO (8448|139740928042736) - GIOP_Message_Base::dump_msg, send GIOP v1.2 msg, 64 data bytes, my endian, Type Request[1]
GIOP message - HEXDUMP 76 bytes
47 49 4f 50 01 02 01 00  40 00 00 00 01 00 00 00   GIOP....@.......
03 00 00 00 00 00 00 00  1b 00 00 00 14 01 0f 00   ................
52 53 54 44 87 2e 4a 13  c9 01 00 00 00 00 00 01   RSTD..J.........
00 00 00 01 00 00 00 00  0b 00 00 00 67 65 74 5f   ............get_
73 74 72 69 6e 67 00 00  00 00 00 00               string......    
TAO (8448|139740928042736) - Transport[7]::cleanup_queue, byte_count = 76
TAO (8448|139740928042736) - Transport[7]::cleanup_queue, after transfer, bc = 0, all_sent = 1, ml = 0
TAO (8448|139740928042736) - Transport[7]::drain_queue_helper, byte_count = 76, head_is_empty = 1
TAO (8448|139740928042736) - Transport[7]::drain_queue_i, helper retval = 1
TAO (8448|139740928042736) - Transport[7]::make_idle
TAO (8448|139740928042736) - Leader_Follower[7]::wait_for_event, (leader) enter reactor event loop
TAO (8448|139740928042736) - Connection_Handler[7]::handle_input, handle = 7/7
TAO (8448|139740928042736) - Transport[7]::handle_input
TAO (8448|139740928042736) - Transport[7]::process_queue_head, 0 enqueued
TAO (8448|139740928042736) - Transport[7]::handle_input_parse_data, enter
TAO (8448|139740928042736) - Transport[7]::handle_input_parse_data, read 41 bytes
TAO (8448|139740928042736) - GIOP_Message_State::parse_message_header_i
TAO (8448|139740928042736) - GIOP_Message_State::get_version_info
TAO (8448|139740928042736) - GIOP_Message_State::get_byte_order_info
TAO (8448|139740928042736) - Transport[7]::process_parsed_messages, entering (missing data == 0)
TAO (8448|139740928042736) - GIOP_Message_Base::dump_msg, recv GIOP v1.2 msg, 29 data bytes, my endian, Type Reply[1]
GIOP message - HEXDUMP 41 bytes
47 49 4f 50 01 02 01 01  1d 00 00 00 01 00 00 00   GIOP............
00 00 00 00 00 00 00 00  0d 00 00 00 48 65 6c 6c   ............Hell
6f 20 74 68 65 72 65 21  00                        o there!.       
TAO (8448|139740928042736) - TAO_Muxed_TMS::dispatch_reply, id = 1
TAO (8448|139740928042736) - Connection_Handler[7]::handle_input, handle = 7/7, retval = 0
TAO (8448|139740928042736) - Leader_Follower[7]::wait_for_event, (leader) exit reactor event loop
(8448|139740928042736) - string returned <Hello there!>
TAO (8448|139740928042736) - Transport_Cache_Manager::is_transport_available:Returns True, Transport[7] state: IDLE_AND_PURGABLE connected: yes
TAO (8448|139740928042736) - Transport_Cache_Manager::find_i: Found available Transport[7] @hash:index {181029421:0}(
TAO (8448|139740928042736) - Transport_Connector::connect, got an existing connected Transport[7] in role TAO_CLIENT_ROLE
TAO (8448|139740928042736) - Muxed_TMS[7]::request_id, <2>
TAO (8448|139740928042736) - GIOP_Message_Base::dump_msg, send GIOP v1.2 msg, 64 data bytes, my endian, Type Request[2]
GIOP message - HEXDUMP 76 bytes
47 49 4f 50 01 02 01 00  40 00 00 00 02 00 00 00   GIOP....@.......
00 00 00 00 00 00 00 00  1b 00 00 00 14 01 0f 00   ................
52 53 54 44 87 2e 4a 13  c9 01 00 00 00 00 00 01   RSTD..J.........
00 00 00 01 00 00 00 00  09 00 00 00 73 68 75 74   ............shut
64 6f 77 6e 00 67 00 00  00 00 00 00               down.g......    
TAO (8448|139740928042736) - Transport[7]::send_asynchronous_message_i, trying to send the message (ml = 76)
TAO (8448|139740928042736) - Transport[7]::cleanup_queue, byte_count = 76
TAO (8448|139740928042736) - Transport[7]::cleanup_queue, after transfer, bc = 0, all_sent = 1, ml = 0
TAO (8448|139740928042736) - Transport[7]::drain_queue_helper, byte_count = 76, head_is_empty = 1
TAO (8448|139740928042736) - Transport[7]::drain_queue_i, helper retval = 1
TAO (8448|139740928042736) - Transport[7]::make_idle
CORBA::ORB::destroy() called on ORB <>.
Destroying ORB <>
TAO (8448|139740928042736) - Connection_Handler[7]::close_connection_eh, purging entry from cache
TAO (8448|139740928042736) - Transport[7]::cleanup_queue_i, cleaning up complete queue
TAO (8448|139740928042736) - Transport[7]::cleanup_queue_i, discarded 0 messages, 0 bytes.
TAO (8448|139740928042736) - Connection_Handler[7]::close_connection_eh, removing from the reactor
TAO (8448|139740928042736) - Connection_Handler[7]::close_connection_eh, cancel all timers
TAO (8448|139740928042736) - Transport[7]::cleanup_queue_i, cleaning up complete queue
TAO (8448|139740928042736) - Transport[7]::cleanup_queue_i, discarded 0 messages, 0 bytes.
TAO (8448|139740928042736) - Connection_Handler[7]::close_connection_eh
TAO (8448|139740928042736) - Transport[7]::cleanup_queue_i, cleaning up complete queue
TAO (8448|139740928042736) - Transport[7]::cleanup_queue_i, discarded 0 messages, 0 bytes.
