# This is a listing of the web directories and the builds contained in
# them.
# The types used are:
# - WIN32    - This is the naming style used by Darrell's scripts
#              where there are 3 files per build and Build_MMDD_HHMM.txt
#              or Build_MMDD.txt
# - UNIX     - This is the naming style used by Carlos's scripts, where
#              they are named Build_MonDD_YYYY.txt or .log
# - TIMEONLY - This is new naming scheme which is in the format
#              YYYY_MM_DD_HH_MM.txt

[Win2000_DLL_Core]
TYPE = TIMEONLY
LIST = http://tao.doc.wustl.edu/bugzilla/Core/
WEB  = http://tao.doc.wustl.edu/bugzilla/cgi/show_log_dir.pl?core

[Win2000_DLL_Debug]
TYPE = TIMEONLY
LIST = http://tao.doc.wustl.edu/bugzilla/DLL_Debug/
WEB  = http://tao.doc.wustl.edu/bugzilla/cgi/show_log_dir.pl?dll_debug

[Win2000_DLL_Release]
TYPE = TIMEONLY
LIST = http://tao.doc.wustl.edu/bugzilla/DLL_Release/
WEB  = http://tao.doc.wustl.edu/bugzilla/cgi/show_log_dir.pl?dll_release

[Win2000_Borland]
TYPE = TIMEONLY
LIST = http://tao.doc.wustl.edu/bugzilla/Borland/
WEB  = http://tao.doc.wustl.edu/bugzilla/cgi/show_log_dir.pl?borland

[Win2000_Fuzz]
TYPE = TIMEONLY
LIST = http://tao.doc.wustl.edu/bugzilla/Fuzz/
WEB  = http://tao.doc.wustl.edu/bugzilla/cgi/show_log_dir.pl?fuzz

[Win2000_WChar_Unicode]
TYPE = TIMEONLY
LIST = http://tao.doc.wustl.edu/bugzilla/Unicode/
WEB  = http://tao.doc.wustl.edu/bugzilla/cgi/show_log_dir.pl?unicode

[Win2000_WChar]
TYPE = TIMEONLY
LIST = http://tao.doc.wustl.edu/bugzilla/wchar/
WEB  = http://tao.doc.wustl.edu/bugzilla/cgi/show_log_dir.pl?wchar

[Win2000_LIB_Debug]
TYPE = TIMEONLY
LIST = http://ringil.ece.uci.edu/bugzilla/lib_debug/
WEB  = http://ringil.ece.uci.edu/scripts/show_log_dir.pl?lib_debug

[Win2000_LIB_Release]
TYPE = TIMEONLY
LIST = http://ringil.ece.uci.edu/bugzilla/lib_release/
WEB  = http://ringil.ece.uci.edu/scripts/show_log_dir.pl?lib_release

[Win2000_Legacy]
TYPE = TIMEONLY
LIST = http://ringil.ece.uci.edu/bugzilla/legacy/
WEB  = http://ringil.ece.uci.edu/scripts/show_log_dir.pl?legacy

[Win2000_Unicode]
TYPE = TIMEONLY
LIST = http://ringil.ece.uci.edu/bugzilla/unicode/
WEB  = http://ringil.ece.uci.edu/scripts/show_log_dir.pl?unicode

[WinCE_All]
TYPE = TIMEONLY
LIST = http://ringil.ece.uci.edu/bugzilla/wince/
WEB  = http://ringil.ece.uci.edu/scripts/show_log_dir.pl?wince

[Debian_KCC]
TYPE = TIMEONLY
LIST = http://doc.ece.uci.edu/~bugzilla/auto_compile_logs/doc_KCC/
WEB  = http://doc.ece.uci.edu/cgi-bin/show_log_dir.pl?doc_KCC

[Debian_Minimum]
TYPE = TIMEONLY
LIST = http://doc.ece.uci.edu/~bugzilla/auto_compile_logs/balar_Minimum/
WEB  = http://doc.ece.uci.edu/cgi-bin/show_log_dir.pl?balar_Minimum

[Debian_Static]
TYPE = TIMEONLY
LIST = http://doc.ece.uci.edu/~bugzilla/auto_compile_logs/tango_Static/
WEB  = http://doc.ece.uci.edu/cgi-bin/show_log_dir.pl?tango_Static

[Debian_Full]
TYPE = TIMEONLY
LIST = http://doc.ece.uci.edu/~bugzilla/auto_compile_logs/sirion_Full/
WEB  = http://doc.ece.uci.edu/cgi-bin/show_log_dir.pl?sirion_Full

[Debian_Core]
TYPE = TIMEONLY
LIST = http://doc.ece.uci.edu/~bugzilla/auto_compile_logs/balar_Core/
WEB  = http://doc.ece.uci.edu/cgi-bin/show_log_dir.pl?balar_Core

[Debian_WChar]
TYPE = TIMEONLY
LIST = http://doc.ece.uci.edu/~bugzilla/auto_compile_logs/valinor_Unicode/
WEB  = http://doc.ece.uci.edu/cgi-bin/show_log_dir.pl?valinor_Unicode

[RedHat_NoInline]
TYPE = TIMEONLY
LIST = http://doc.ece.uci.edu/~bugzilla/auto_compile_logs/maglor_NoInline/
WEB  = http://doc.ece.uci.edu/cgi-bin/show_log_dir.pl?maglor_NoInline

[RedHat_Single_Threaded]
TYPE = TIMEONLY
LIST = http://doc.ece.uci.edu/~bugzilla/auto_compile_logs/curufin_SingleThreaded/
WEB  = http://doc.ece.uci.edu/cgi-bin/show_log_dir.pl?curufin_SingleThreaded

[RedHat_Implicit_Templates]
TYPE = TIMEONLY
LIST = http://doc.ece.uci.edu/~bugzilla/auto_compile_logs/amrod_ImplicitTemplates/
WEB  = http://doc.ece.uci.edu/cgi-bin/show_log_dir.pl?amrod_ImplicitTemplates

[SunOS_SunCC5]
TYPE = TIMEONLY
LIST = http://ace.cs.wustl.edu/~bugzilla/auto_compile_logs/danzon_SUNOS_SUNCC5/
WEB  = http://ace.cs.wustl.edu/~bugzilla/cgi-bin/show_log_dir.cgi?danzon_SUNOS_SUNCC5

[SunOS_KCC]
TYPE = TIMEONLY
LIST = http://ace.cs.wustl.edu/~bugzilla/auto_compile_logs/ace_SUNOS_KCC4.0/
WEB  = http://ace.cs.wustl.edu/~bugzilla/cgi-bin/show_log_dir.cgi?ace_SUNOS_KCC4.0

[SunOS_SunCC42]
TYPE = TIMEONLY
LIST = http://ace.cs.wustl.edu/~bugzilla/auto_compile_logs/danzon_SUNOS_SUNCC/
WEB  = http://ace.cs.wustl.edu/~bugzilla/cgi-bin/show_log_dir.cgi?danzon_SUNOS_SUNCC

[SunOS_EGCS]
TYPE = TIMEONLY
LIST = http://ace.cs.wustl.edu/~bugzilla/auto_compile_logs/tango_SUNOS_EGCS/
WEB  = http://ace.cs.wustl.edu/~bugzilla/cgi-bin/show_log_dir.cgi?tango_SUNOS_EGCS

[Tru64_CXX]
TYPE = TIMEONLY
LIST = http://ace.cs.wustl.edu/~bugzilla/auto_compile_logs/guajira.cs.wustl.edu_TRU64_CXX/
WEB  = http://ace.cs.wustl.edu/~bugzilla/cgi-bin/show_log_dir.cgi?guajira.cs.wustl.edu_TRU64_CXX

[VxWorks_GCC]
TYPE = TIMEONLY
LIST = http://ace.cs.wustl.edu/~bugzilla/auto_compile_logs/tango_VXWORKS_GCC/
WEB  = http://ace.cs.wustl.edu/~bugzilla/cgi-bin/show_log_dir.cgi?tango_VXWORKS_GCC

[VxWorks_5.4_GCC]
TYPE = TIMEONLY
LIST = http://prince.ociweb.com/buildlogs/auto_compile_logs/maggie_VXWORKS_GCC/
WEB  = http://prince.ociweb.com/buildlogs/show_log_dir.cgi?maggie_VXWORKS_GCC

[Chorus_4.0.1_GCC]
TYPE = TIMEONLY
LIST = http://prince.ociweb.com/buildlogs/auto_compile_logs/lisa_CHORUS_4_0_1_GCC/
WEB  = http://prince.ociweb.com/buildlogs/show_log_dir.cgi?lisa_CHORUS_4_0_1_GCC

[Lynx_I386]
TYPE = TIMEONLY
LIST = http://ace.cs.wustl.edu/~bugzilla/auto_compile_logs/danzon_LYNX_I386/
WEB  = http://ace.cs.wustl.edu/~bugzilla/cgi-bin/show_log_dir.cgi?danzon_LYNX_I386

[Lynx_PPC]
TYPE = TIMEONLY
LIST = http://ace.cs.wustl.edu/~bugzilla/auto_compile_logs/ace_LYNX_PPC/
WEB  = http://ace.cs.wustl.edu/~bugzilla/cgi-bin/show_log_dir.cgi?ace_LYNX_PPC

# Build not running anymore
#[SunOS_GCC272]
#TYPE = TIMEONLY
#LIST = http://ace.cs.wustl.edu/~bugzilla/auto_compile_logs/tango_SUNOS_GCC272/
#WEB  = http://ace.cs.wustl.edu/~bugzilla/cgi-bin/show_log_dir.cgi?tango_SUNOS_GCC272

[RedHat_7.0_Full]
TYPE = TIMEONLY
LIST = http://ace.cs.wustl.edu/~bugzilla/auto_compile_logs/beguine.doc.wustl.edu_Full/
WEB  = http://ace.cs.wustl.edu/~bugzilla/cgi-bin/show_log_dir.cgi?beguine.doc.wustl.edu_Full

[RedHat_7.0_Core]
TYPE = TIMEONLY
LIST = http://ace.cs.wustl.edu/~bugzilla/auto_compile_logs/beguine.doc.wustl.edu_Core/
WEB  = http://ace.cs.wustl.edu/~bugzilla/cgi-bin/show_log_dir.cgi?beguine.doc.wustl.edu_Core

#[RedHat_7.0_No_AMI_Messaging]
#TYPE = TIMEONLY
#LIST = http://ace.cs.wustl.edu/~bugzilla/auto_compile_logs/beguine_No_AMI_Messaging/
#WEB  = http://ace.cs.wustl.edu/~bugzilla/cgi-bin/show_log_dir.cgi?beguine_No_AMI_Messaging

[Debian_NoInterceptors]
TYPE = TIMEONLY
LIST = http://ace.cs.wustl.edu/~bugzilla/auto_compile_logs/charanga_Full/
WEB  = http://ace.cs.wustl.edu/~bugzilla/cgi-bin/show_log_dir.cgi?charanga_Full

[Debian_Minimum_Static]
TYPE = TIMEONLY
LIST = http://ace.cs.wustl.edu/~bugzilla/auto_compile_logs/charanga_Minimum/
WEB  = http://ace.cs.wustl.edu/~bugzilla/cgi-bin/show_log_dir.cgi?charanga_Minimum

[QNX]
TYPE = TIMEONLY
LIST = http://amras.ece.uci.edu/~bugzilla/auto_compile_logs/amras_QNX/
WEB  = http://amras.ece.uci.edu/cgi-bin/show_log_dir.cgi?amras_QNX

[HPUX_ACC]
TYPE = TIMEONLY
LIST = http://prince.ociweb.com/buildlogs/auto_compile_logs/herb_HPUX_ACC/
WEB  = http://prince.ociweb.com/buildlogs/show_log_dir.cgi?herb_HPUX_ACC

