# $Id$
#
# This file lists the project files that must be build first in a static
# build using msvc_static_compile.pl
ace/ace.dsp
Kokyu/Kokyu.dsp
ACEXML/parser/parser/ACEXML_Parser.dsp
ACEXML/common/ACEXML.dsp
apps/gperf/src/gperf.dsp
TAO/TAO_IDL/TAO_IDL_BE.dsp
TAO/TAO_IDL/TAO_IDL_FE.dsp
TAO/TAO_IDL/TAO_IDL_EXE.dsp
TAO/tao/TAO.dsp
TAO/tao/Valuetype/Valuetype.dsp
TAO/tao/IORInterceptor/IORInterceptor.dsp
TAO/tao/ObjRefTemplate/ObjRefTemplate.dsp
TAO/tao/PortableServer/PortableServer.dsp
TAO/tao/DynamicAny/DynamicAny.dsp
TAO/tao/IORManipulation/IORManipulation.dsp
TAO/tao/IORTable/IORTable.dsp
TAO/tao/Messaging/Messaging.dsp
TAO/tao/DynamicInterface/DynamicInterface.dsp
TAO/tao/Strategies/Strategies.dsp
TAO/tao/RTCORBA/RTCORBA.dsp
TAO/tao/RTPortableServer/RTPortableServer.dsp
TAO/tao/Utils/Utils.dsp
TAO/tao/RTScheduling/RTScheduler.dsp
TAO/tao/IFR_Client/IFR_Client.dsp
TAO/tao/TypeCodeFactory/TypeCodeFactory.dsp
TAO/orbsvcs/orbsvcs/Svc_Utils.dsp
TAO/orbsvcs/orbsvcs/CosNaming.dsp
TAO/orbsvcs/orbsvcs/CosProperty.dsp
TAO/orbsvcs/orbsvcs/CosTrading.dsp
TAO/orbsvcs/orbsvcs/AV.dsp
TAO/orbsvcs/orbsvcs/ETCL.dsp
TAO/orbsvcs/orbsvcs/FaultTolerance.dsp 
TAO/orbsvcs/orbsvcs/RTCosScheduling.dsp 
TAO/orbsvcs/orbsvcs/RTEvent.dsp
TAO/orbsvcs/orbsvcs/RTSched.dsp
TAO/orbsvcs/orbsvcs/RTSchedEvent.dsp
TAO/orbsvcs/orbsvcs/RTOLDEvent.dsp
TAO/orbsvcs/orbsvcs/CosEvent.dsp
TAO/orbsvcs/orbsvcs/RTKokyuEvent.dsp
TAO/orbsvcs/orbsvcs/CosConcurrency.dsp
TAO/orbsvcs/orbsvcs/CosLifeCycle.dsp
TAO/orbsvcs/orbsvcs/CosTime.dsp
TAO/orbsvcs/orbsvcs/CosNotification.dsp
TAO/orbsvcs/orbsvcs/DsLogAdmin.dsp
TAO/orbsvcs/orbsvcs/DsEventLogAdmin.dsp
TAO/orbsvcs/orbsvcs/DsNotifyLogAdmin.dsp
TAO/orbsvcs/orbsvcs/FTORB_Utils.dsp
TAO/orbsvcs/orbsvcs/FT_ClientORB.dsp
TAO/orbsvcs/orbsvcs/FT_ServerORB.dsp
TAO/orbsvcs/orbsvcs/FtRtEvent.dsp
TAO/orbsvcs/orbsvcs/PortableGroup.dsp
TAO/orbsvcs/orbsvcs/CosLoadBalancing.dsp
TAO/orbsvcs/orbsvcs/IFRService.dsp
TAO/orbsvcs/orbsvcs/RT_Notification.dsp
TAO/orbsvcs/Naming_Service/Naming_Service.dsp
tests/Test_Output.dsp
